# JRE version: OpenJDK Runtime Environment (11.0.7+10) (build 11.0.7+10)
# Java VM: OpenJDK 64-Bit Server VM (11.0.7+10, mixed mode, tiered, compressed oops, g1 gc, bsd-amd64)
Heap:
 garbage-first heap   total 262144K, used 111424K [0x00000007e0000000, 0x0000000800000000)
  region size 1024K, 42 young (43008K), 9 survivors (9216K)
 Metaspace       used 84524K, capacity 86702K, committed 86912K, reserved 1126400K
  class space    used 9305K, capacity 10088K, committed 10112K, reserved 1048576K
GC Heap History (20 events):
Event: 16.033 GC heap before
{Heap before GC invocations=21 (full 0):
 garbage-first heap   total 262144K, used 198808K [0x00000007e0000000, 0x0000000800000000)
  region size 1024K, 138 young (141312K), 10 survivors (10240K)
 Metaspace       used 69305K, capacity 70714K, committed 70784K, reserved 1112064K
  class space    used 7789K, capacity 8306K, committed 8320K, reserved 1048576K
}
Event: 16.045 GC heap after
{Heap after GC invocations=22 (full 0):
 garbage-first heap   total 262144K, used 69665K [0x00000007e0000000, 0x0000000800000000)
  region size 1024K, 11 young (11264K), 11 survivors (11264K)
 Metaspace       used 69305K, capacity 70714K, committed 70784K, reserved 1112064K
  class space    used 7789K, capacity 8306K, committed 8320K, reserved 1048576K
}
Event: 16.959 GC heap before
{Heap before GC invocations=22 (full 0):
 garbage-first heap   total 262144K, used 202785K [0x00000007e0000000, 0x0000000800000000)
  region size 1024K, 141 young (144384K), 11 survivors (11264K)
 Metaspace       used 72333K, capacity 73745K, committed 73984K, reserved 1114112K
  class space    used 8128K, capacity 8653K, committed 8704K, reserved 1048576K
}
Event: 16.972 GC heap after
{Heap after GC invocations=23 (full 0):
 garbage-first heap   total 262144K, used 73485K [0x00000007e0000000, 0x0000000800000000)
  region size 1024K, 12 young (12288K), 12 survivors (12288K)
 Metaspace       used 72333K, capacity 73745K, committed 73984K, reserved 1114112K
  class space    used 8128K, capacity 8653K, committed 8704K, reserved 1048576K
}
Event: 17.947 GC heap before
{Heap before GC invocations=23 (full 0):
 garbage-first heap   total 262144K, used 207629K [0x00000007e0000000, 0x0000000800000000)
  region size 1024K, 143 young (146432K), 12 survivors (12288K)
 Metaspace       used 77947K, capacity 79534K, committed 79872K, reserved 1120256K
  class space    used 8788K, capacity 9387K, committed 9472K, reserved 1048576K
}
Event: 17.959 GC heap after
{Heap after GC invocations=24 (full 0):
 garbage-first heap   total 262144K, used 73216K [0x00000007e0000000, 0x0000000800000000)
  region size 1024K, 9 young (9216K), 9 survivors (9216K)
 Metaspace       used 77947K, capacity 79534K, committed 79872K, reserved 1120256K
  class space    used 8788K, capacity 9387K, committed 9472K, reserved 1048576K
}
Event: 19.725 GC heap before
{Heap before GC invocations=24 (full 0):
 garbage-first heap   total 262144K, used 209408K [0x00000007e0000000, 0x0000000800000000)
  region size 1024K, 142 young (145408K), 9 survivors (9216K)
 Metaspace       used 80062K, capacity 81750K, committed 82048K, reserved 1122304K
  class space    used 8919K, capacity 9542K, committed 9600K, reserved 1048576K
}
Event: 19.738 GC heap after
{Heap after GC invocations=25 (full 0):
 garbage-first heap   total 262144K, used 75776K [0x00000007e0000000, 0x0000000800000000)
  region size 1024K, 11 young (11264K), 11 survivors (11264K)
 Metaspace       used 80062K, capacity 81750K, committed 82048K, reserved 1122304K
  class space    used 8919K, capacity 9542K, committed 9600K, reserved 1048576K
}
Event: 20.987 GC heap before
{Heap before GC invocations=25 (full 0):
 garbage-first heap   total 262144K, used 212992K [0x00000007e0000000, 0x0000000800000000)
  region size 1024K, 145 young (148480K), 11 survivors (11264K)
 Metaspace       used 81188K, capacity 82911K, committed 83200K, reserved 1122304K
  class space    used 8994K, capacity 9635K, committed 9728K, reserved 1048576K
}
Event: 20.998 GC heap after
{Heap after GC invocations=26 (full 0):
 garbage-first heap   total 262144K, used 76201K [0x00000007e0000000, 0x0000000800000000)
  region size 1024K, 9 young (9216K), 9 survivors (9216K)
 Metaspace       used 81188K, capacity 82911K, committed 83200K, reserved 1122304K
  class space    used 8994K, capacity 9635K, committed 9728K, reserved 1048576K
}
Event: 22.242 GC heap before
{Heap before GC invocations=26 (full 0):
 garbage-first heap   total 262144K, used 214441K [0x00000007e0000000, 0x0000000800000000)
  region size 1024K, 144 young (147456K), 9 survivors (9216K)
 Metaspace       used 82468K, capacity 84390K, committed 84608K, reserved 1124352K
  class space    used 9142K, capacity 9854K, committed 9856K, reserved 1048576K
}
Event: 22.254 GC heap after
{Heap after GC invocations=27 (full 0):
 garbage-first heap   total 262144K, used 77080K [0x00000007e0000000, 0x0000000800000000)
  region size 1024K, 10 young (10240K), 10 survivors (10240K)
 Metaspace       used 82468K, capacity 84390K, committed 84608K, reserved 1124352K
  class space    used 9142K, capacity 9854K, committed 9856K, reserved 1048576K
}
Event: 23.569 GC heap before
{Heap before GC invocations=27 (full 0):
 garbage-first heap   total 262144K, used 216344K [0x00000007e0000000, 0x0000000800000000)
  region size 1024K, 146 young (149504K), 10 survivors (10240K)
 Metaspace       used 82874K, capacity 84817K, committed 84992K, reserved 1124352K
  class space    used 9181K, capacity 9910K, committed 9984K, reserved 1048576K
}
Event: 23.582 GC heap after
{Heap after GC invocations=28 (full 0):
 garbage-first heap   total 262144K, used 75668K [0x00000007e0000000, 0x0000000800000000)
  region size 1024K, 9 young (9216K), 9 survivors (9216K)
 Metaspace       used 82874K, capacity 84817K, committed 84992K, reserved 1124352K
  class space    used 9181K, capacity 9910K, committed 9984K, reserved 1048576K
}
Event: 24.723 GC heap before
{Heap before GC invocations=28 (full 0):
 garbage-first heap   total 262144K, used 216980K [0x00000007e0000000, 0x0000000800000000)
  region size 1024K, 147 young (150528K), 9 survivors (9216K)
 Metaspace       used 83267K, capacity 85251K, committed 85504K, reserved 1124352K
  class space    used 9213K, capacity 9982K, committed 9984K, reserved 1048576K
}
Event: 24.736 GC heap after
{Heap after GC invocations=29 (full 0):
 garbage-first heap   total 262144K, used 78090K [0x00000007e0000000, 0x0000000800000000)
  region size 1024K, 11 young (11264K), 11 survivors (11264K)
 Metaspace       used 83267K, capacity 85251K, committed 85504K, reserved 1124352K
  class space    used 9213K, capacity 9982K, committed 9984K, reserved 1048576K
}
Event: 25.913 GC heap before
{Heap before GC invocations=29 (full 0):
 garbage-first heap   total 262144K, used 219402K [0x00000007e0000000, 0x0000000800000000)
  region size 1024K, 149 young (152576K), 11 survivors (11264K)
 Metaspace       used 83898K, capacity 85949K, committed 86144K, reserved 1126400K
  class space    used 9260K, capacity 10016K, committed 10112K, reserved 1048576K
}
Event: 25.924 GC heap after
{Heap after GC invocations=30 (full 0):
 garbage-first heap   total 262144K, used 76876K [0x00000007e0000000, 0x0000000800000000)
  region size 1024K, 7 young (7168K), 7 survivors (7168K)
 Metaspace       used 83898K, capacity 85949K, committed 86144K, reserved 1126400K
  class space    used 9260K, capacity 10016K, committed 10112K, reserved 1048576K
}
Event: 26.937 GC heap before
{Heap before GC invocations=30 (full 0):
 garbage-first heap   total 262144K, used 220236K [0x00000007e0000000, 0x0000000800000000)
  region size 1024K, 147 young (150528K), 7 survivors (7168K)
 Metaspace       used 84335K, capacity 86510K, committed 86656K, reserved 1126400K
  class space    used 9290K, capacity 10088K, committed 10112K, reserved 1048576K
}
Event: 26.946 GC heap after
{Heap after GC invocations=31 (full 0):
 garbage-first heap   total 262144K, used 78656K [0x00000007e0000000, 0x0000000800000000)
  region size 1024K, 9 young (9216K), 9 survivors (9216K)
 Metaspace       used 84335K, capacity 86510K, committed 86656K, reserved 1126400K
  class space    used 9290K, capacity 10088K, committed 10112K, reserved 1048576K
}

