# JRE version: OpenJDK Runtime Environment (11.0.7+10) (build 11.0.7+10)
# Java VM: OpenJDK 64-Bit Server VM (11.0.7+10, mixed mode, tiered, compressed oops, g1 gc, bsd-amd64)
Heap:
 garbage-first heap   total 262144K, used 192312K [0x00000007e0000000, 0x0000000800000000)
  region size 1024K, 107 young (109568K), 12 survivors (12288K)
 Metaspace       used 87783K, capacity 90171K, committed 90368K, reserved 1128448K
  class space    used 9632K, capacity 10485K, committed 10496K, reserved 1048576K
GC Heap History (20 events):
Event: 23.584 GC heap before
{Heap before GC invocations=25 (full 0):
 garbage-first heap   total 262144K, used 214842K [0x00000007e0000000, 0x0000000800000000)
  region size 1024K, 145 young (148480K), 8 survivors (8192K)
 Metaspace       used 80471K, capacity 82166K, committed 82304K, reserved 1122304K
  class space    used 8944K, capacity 9593K, committed 9600K, reserved 1048576K
}
Event: 23.593 GC heap after
{Heap after GC invocations=26 (full 0):
 garbage-first heap   total 262144K, used 75409K [0x00000007e0000000, 0x0000000800000000)
  region size 1024K, 9 young (9216K), 9 survivors (9216K)
 Metaspace       used 80471K, capacity 82166K, committed 82304K, reserved 1122304K
  class space    used 8944K, capacity 9593K, committed 9600K, reserved 1048576K
}
Event: 24.539 GC heap before
{Heap before GC invocations=26 (full 0):
 garbage-first heap   total 262144K, used 216721K [0x00000007e0000000, 0x0000000800000000)
  region size 1024K, 147 young (150528K), 9 survivors (9216K)
 Metaspace       used 81216K, capacity 82951K, committed 83200K, reserved 1122304K
  class space    used 8993K, capacity 9647K, committed 9728K, reserved 1048576K
}
Event: 24.550 GC heap after
{Heap after GC invocations=27 (full 0):
 garbage-first heap   total 262144K, used 78044K [0x00000007e0000000, 0x0000000800000000)
  region size 1024K, 12 young (12288K), 12 survivors (12288K)
 Metaspace       used 81216K, capacity 82951K, committed 83200K, reserved 1122304K
  class space    used 8993K, capacity 9647K, committed 9728K, reserved 1048576K
}
Event: 25.508 GC heap before
{Heap before GC invocations=27 (full 0):
 garbage-first heap   total 262144K, used 218332K [0x00000007e0000000, 0x0000000800000000)
  region size 1024K, 149 young (152576K), 12 survivors (12288K)
 Metaspace       used 81723K, capacity 83481K, committed 83712K, reserved 1124352K
  class space    used 9030K, capacity 9693K, committed 9728K, reserved 1048576K
}
Event: 25.522 GC heap after
{Heap after GC invocations=28 (full 0):
 garbage-first heap   total 262144K, used 79554K [0x00000007e0000000, 0x0000000800000000)
  region size 1024K, 11 young (11264K), 11 survivors (11264K)
 Metaspace       used 81723K, capacity 83481K, committed 83712K, reserved 1124352K
  class space    used 9030K, capacity 9693K, committed 9728K, reserved 1048576K
}
Event: 26.417 GC heap before
{Heap before GC invocations=28 (full 0):
 garbage-first heap   total 262144K, used 218818K [0x00000007e0000000, 0x0000000800000000)
  region size 1024K, 147 young (150528K), 11 survivors (11264K)
 Metaspace       used 82102K, capacity 83969K, committed 84096K, reserved 1124352K
  class space    used 9061K, capacity 9737K, committed 9856K, reserved 1048576K
}
Event: 26.428 GC heap after
{Heap after GC invocations=29 (full 0):
 garbage-first heap   total 262144K, used 79258K [0x00000007e0000000, 0x0000000800000000)
  region size 1024K, 7 young (7168K), 7 survivors (7168K)
 Metaspace       used 82102K, capacity 83969K, committed 84096K, reserved 1124352K
  class space    used 9061K, capacity 9737K, committed 9856K, reserved 1048576K
}
Event: 27.242 GC heap before
{Heap before GC invocations=29 (full 0):
 garbage-first heap   total 262144K, used 220570K [0x00000007e0000000, 0x0000000800000000)
  region size 1024K, 145 young (148480K), 7 survivors (7168K)
 Metaspace       used 82497K, capacity 84419K, committed 84608K, reserved 1124352K
  class space    used 9096K, capacity 9814K, committed 9856K, reserved 1048576K
}
Event: 27.250 GC heap after
{Heap after GC invocations=30 (full 0):
 garbage-first heap   total 262144K, used 80284K [0x00000007e0000000, 0x0000000800000000)
  region size 1024K, 8 young (8192K), 8 survivors (8192K)
 Metaspace       used 82497K, capacity 84419K, committed 84608K, reserved 1124352K
  class space    used 9096K, capacity 9814K, committed 9856K, reserved 1048576K
}
Event: 28.098 GC heap before
{Heap before GC invocations=30 (full 0):
 garbage-first heap   total 262144K, used 221596K [0x00000007e0000000, 0x0000000800000000)
  region size 1024K, 146 young (149504K), 8 survivors (8192K)
 Metaspace       used 82762K, capacity 84647K, committed 84864K, reserved 1124352K
  class space    used 9101K, capacity 9820K, committed 9856K, reserved 1048576K
}
Event: 28.106 GC heap after
{Heap after GC invocations=31 (full 0):
 garbage-first heap   total 262144K, used 78243K [0x00000007e0000000, 0x0000000800000000)
  region size 1024K, 6 young (6144K), 6 survivors (6144K)
 Metaspace       used 82762K, capacity 84647K, committed 84864K, reserved 1124352K
  class space    used 9101K, capacity 9820K, committed 9856K, reserved 1048576K
}
Event: 28.850 GC heap before
{Heap before GC invocations=31 (full 0):
 garbage-first heap   total 262144K, used 221603K [0x00000007e0000000, 0x0000000800000000)
  region size 1024K, 146 young (149504K), 6 survivors (6144K)
 Metaspace       used 83253K, capacity 85167K, committed 85504K, reserved 1124352K
  class space    used 9149K, capacity 9885K, committed 9984K, reserved 1048576K
}
Event: 28.861 GC heap after
{Heap after GC invocations=32 (full 0):
 garbage-first heap   total 262144K, used 80195K [0x00000007e0000000, 0x0000000800000000)
  region size 1024K, 8 young (8192K), 8 survivors (8192K)
 Metaspace       used 83253K, capacity 85167K, committed 85504K, reserved 1124352K
  class space    used 9149K, capacity 9885K, committed 9984K, reserved 1048576K
}
Event: 29.557 GC heap before
{Heap before GC invocations=32 (full 0):
 garbage-first heap   total 262144K, used 226627K [0x00000007e0000000, 0x0000000800000000)
  region size 1024K, 147 young (150528K), 8 survivors (8192K)
 Metaspace       used 83814K, capacity 85807K, committed 86016K, reserved 1126400K
  class space    used 9195K, capacity 9959K, committed 9984K, reserved 1048576K
}
Event: 29.571 GC heap after
{Heap after GC invocations=33 (full 0):
 garbage-first heap   total 262144K, used 90241K [0x00000007e0000000, 0x0000000800000000)
  region size 1024K, 16 young (16384K), 16 survivors (16384K)
 Metaspace       used 83814K, capacity 85807K, committed 86016K, reserved 1126400K
  class space    used 9195K, capacity 9959K, committed 9984K, reserved 1048576K
}
Event: 30.556 GC heap before
{Heap before GC invocations=33 (full 0):
 garbage-first heap   total 262144K, used 225409K [0x00000007e0000000, 0x0000000800000000)
  region size 1024K, 140 young (143360K), 16 survivors (16384K)
 Metaspace       used 85133K, capacity 87239K, committed 87552K, reserved 1126400K
  class space    used 9355K, capacity 10142K, committed 10240K, reserved 1048576K
}
Event: 30.574 GC heap after
{Heap after GC invocations=34 (full 0):
 garbage-first heap   total 262144K, used 92545K [0x00000007e0000000, 0x0000000800000000)
  region size 1024K, 8 young (8192K), 8 survivors (8192K)
 Metaspace       used 85133K, capacity 87239K, committed 87552K, reserved 1126400K
  class space    used 9355K, capacity 10142K, committed 10240K, reserved 1048576K
}
Event: 31.575 GC heap before
{Heap before GC invocations=34 (full 0):
 garbage-first heap   total 262144K, used 215425K [0x00000007e0000000, 0x0000000800000000)
  region size 1024K, 128 young (131072K), 8 survivors (8192K)
 Metaspace       used 87582K, capacity 89840K, committed 90112K, reserved 1128448K
  class space    used 9612K, capacity 10448K, committed 10496K, reserved 1048576K
}
Event: 31.585 GC heap after
{Heap after GC invocations=35 (full 0):
 garbage-first heap   total 262144K, used 96056K [0x00000007e0000000, 0x0000000800000000)
  region size 1024K, 12 young (12288K), 12 survivors (12288K)
 Metaspace       used 87582K, capacity 89840K, committed 90112K, reserved 1128448K
  class space    used 9612K, capacity 10448K, committed 10496K, reserved 1048576K
}

